E, [2017-03-17T15:13:22.917380 #23869] ERROR -- Kitchen: ------Exception-------
E, [2017-03-17T15:13:22.917475 #23869] ERROR -- Kitchen: Class: Kitchen::UserError
E, [2017-03-17T15:13:22.917503 #23869] ERROR -- Kitchen: Message: Kitchen YAML file /Users/muthu/chef-repo-muthu/.kitchen.yml does not exist.
E, [2017-03-17T15:13:22.917516 #23869] ERROR -- Kitchen: ----------------------
E, [2017-03-17T15:13:22.917526 #23869] ERROR -- Kitchen: ------Backtrace-------
E, [2017-03-17T15:13:22.917571 #23869] ERROR -- Kitchen: /opt/chefdk/embedded/lib/ruby/gems/2.3.0/gems/test-kitchen-1.15.0/lib/kitchen/loader/yaml.rb:71:in `read'
E, [2017-03-17T15:13:22.917581 #23869] ERROR -- Kitchen: /opt/chefdk/embedded/lib/ruby/gems/2.3.0/gems/test-kitchen-1.15.0/lib/kitchen/config.rb:152:in `data'
E, [2017-03-17T15:13:22.917590 #23869] ERROR -- Kitchen: /opt/chefdk/embedded/lib/ruby/gems/2.3.0/gems/test-kitchen-1.15.0/lib/kitchen/config.rb:131:in `suites'
E, [2017-03-17T15:13:22.917599 #23869] ERROR -- Kitchen: /opt/chefdk/embedded/lib/ruby/gems/2.3.0/gems/test-kitchen-1.15.0/lib/kitchen/config.rb:182:in `filter_instances'
E, [2017-03-17T15:13:22.917608 #23869] ERROR -- Kitchen: /opt/chefdk/embedded/lib/ruby/gems/2.3.0/gems/test-kitchen-1.15.0/lib/kitchen/config.rb:141:in `build_instances'
E, [2017-03-17T15:13:22.917617 #23869] ERROR -- Kitchen: /opt/chefdk/embedded/lib/ruby/gems/2.3.0/gems/test-kitchen-1.15.0/lib/kitchen/config.rb:117:in `instances'
E, [2017-03-17T15:13:22.917630 #23869] ERROR -- Kitchen: /opt/chefdk/embedded/lib/ruby/gems/2.3.0/gems/test-kitchen-1.15.0/lib/kitchen/command.rb:112:in `filtered_instances'
E, [2017-03-17T15:13:22.917639 #23869] ERROR -- Kitchen: /opt/chefdk/embedded/lib/ruby/gems/2.3.0/gems/test-kitchen-1.15.0/lib/kitchen/command.rb:142:in `parse_subcommand'
E, [2017-03-17T15:13:22.917647 #23869] ERROR -- Kitchen: /opt/chefdk/embedded/lib/ruby/gems/2.3.0/gems/test-kitchen-1.15.0/lib/kitchen/command/list.rb:30:in `call'
E, [2017-03-17T15:13:22.917656 #23869] ERROR -- Kitchen: /opt/chefdk/embedded/lib/ruby/gems/2.3.0/gems/test-kitchen-1.15.0/lib/kitchen/cli.rb:53:in `perform'
E, [2017-03-17T15:13:22.917665 #23869] ERROR -- Kitchen: /opt/chefdk/embedded/lib/ruby/gems/2.3.0/gems/test-kitchen-1.15.0/lib/kitchen/cli.rb:121:in `list'
E, [2017-03-17T15:13:22.917673 #23869] ERROR -- Kitchen: /opt/chefdk/embedded/lib/ruby/gems/2.3.0/gems/thor-0.19.1/lib/thor/command.rb:27:in `run'
E, [2017-03-17T15:13:22.917682 #23869] ERROR -- Kitchen: /opt/chefdk/embedded/lib/ruby/gems/2.3.0/gems/thor-0.19.1/lib/thor/invocation.rb:126:in `invoke_command'
E, [2017-03-17T15:13:22.917691 #23869] ERROR -- Kitchen: /opt/chefdk/embedded/lib/ruby/gems/2.3.0/gems/test-kitchen-1.15.0/lib/kitchen/cli.rb:334:in `invoke_task'
E, [2017-03-17T15:13:22.917699 #23869] ERROR -- Kitchen: /opt/chefdk/embedded/lib/ruby/gems/2.3.0/gems/thor-0.19.1/lib/thor.rb:359:in `dispatch'
E, [2017-03-17T15:13:22.917708 #23869] ERROR -- Kitchen: /opt/chefdk/embedded/lib/ruby/gems/2.3.0/gems/thor-0.19.1/lib/thor/base.rb:440:in `start'
E, [2017-03-17T15:13:22.917716 #23869] ERROR -- Kitchen: /opt/chefdk/embedded/lib/ruby/gems/2.3.0/gems/test-kitchen-1.15.0/bin/kitchen:13:in `block in <top (required)>'
E, [2017-03-17T15:13:22.917752 #23869] ERROR -- Kitchen: /opt/chefdk/embedded/lib/ruby/gems/2.3.0/gems/test-kitchen-1.15.0/lib/kitchen/errors.rb:171:in `with_friendly_errors'
E, [2017-03-17T15:13:22.917763 #23869] ERROR -- Kitchen: /opt/chefdk/embedded/lib/ruby/gems/2.3.0/gems/test-kitchen-1.15.0/bin/kitchen:13:in `<top (required)>'
E, [2017-03-17T15:13:22.917772 #23869] ERROR -- Kitchen: /opt/chefdk/bin/kitchen:21:in `load'
E, [2017-03-17T15:13:22.917780 #23869] ERROR -- Kitchen: /opt/chefdk/bin/kitchen:21:in `<main>'
E, [2017-03-17T15:13:22.917788 #23869] ERROR -- Kitchen: ----End Backtrace-----
